<?xml version="1.0" encoding="utf-8"?><testsuites><testsuite name="pytest" errors="0" failures="0" skipped="0" tests="40" time="1.738" timestamp="2025-01-26T18:41:25.094284+05:30" hostname="fv-az1114-865"><testcase classname="aave.tests.models_tests" name="test_asset_default_values" time="0.642" /><testcase classname="aave.tests.models_tests" name="test_asset_price_log_default_values" time="0.005" /><testcase classname="aave.tests.models_tests" name="test_aave_liquidation_log_default_values" time="0.005" /><testcase classname="aave.tests.models_tests" name="test_aave_balance_log_default_values" time="0.007" /><testcase classname="aave.tests.models_tests" name="test_aave_transfer_event_default_values" time="0.007" /><testcase classname="aave.tests.models_tests" name="test_aave_mint_event_default_values" time="0.007" /><testcase classname="aave.tests.models_tests" name="test_aave_burn_event_default_values" time="0.007" /><testcase classname="aave.tests.models_tests" name="test_aave_supply_event_default_values" time="0.009" /><testcase classname="aave.tests.models_tests" name="test_aave_withdraw_event_default_values" time="0.008" /><testcase classname="aave.tests.models_tests" name="test_aave_data_quality_analytics_report_default_values" time="0.005" /><testcase classname="aave.tests.models_tests" name="test_aave_borrow_event_default_values" time="0.007" /><testcase classname="aave.tests.models_tests" name="test_aave_repay_event_default_values" time="0.007" /><testcase classname="aave.tests.models_tests" name="test_aave_liquidation_call_event_default_values" time="0.007" /><testcase classname="aave.tests.models_tests" name="test_aave_user_default_values" time="0.005" /><testcase classname="blockchains.tests.models_tests.TestProtocolModel" name="test_get_evm_event_abi_behavior" time="0.005" /><testcase classname="blockchains.tests.models_tests.TestProtocolModel" name="test_get_protocol_by_name_caching" time="0.005" /><testcase classname="blockchains.tests.models_tests.TestProtocolModel" name="test_protocol_creation_and_properties" time="0.004" /><testcase classname="blockchains.tests.models_tests.TestNetworkModel" name="test_get_network_by_id" time="0.013" /><testcase classname="blockchains.tests.models_tests.TestNetworkModel" name="test_get_network_by_name_caching" time="0.006" /><testcase classname="blockchains.tests.models_tests.TestNetworkModel" name="test_network_defaults" time="0.004" /><testcase classname="blockchains.tests.models_tests.TestNetworkModel" name="test_network_properties" time="0.005" /><testcase classname="blockchains.tests.models_tests.TestNetworkModel" name="test_network_str" time="0.004" /><testcase classname="blockchains.tests.models_tests.TestEventModel" name="test_blocks_to_sync_with_none_values" time="0.012" /><testcase classname="blockchains.tests.models_tests.TestEventModel" name="test_event_defaults" time="0.005" /><testcase classname="blockchains.tests.models_tests.TestEventModel" name="test_event_str" time="0.006" /><testcase classname="blockchains.tests.models_tests.TestApproximateBlockTimestampModel" name="test_approximate_block_timestamp_defaults" time="0.011" /><testcase classname="blockchains.tests.models_tests.TestApproximateBlockTimestampModel" name="test_approximate_block_timestamp_str" time="0.004" /><testcase classname="blockchains.tests.models_tests.TestApproximateBlockTimestampModel" name="test_get_timestamps" time="0.004" /><testcase classname="blockchains.tests.signals_tests.TestSignals" name="test_protocol_cache_update_on_save" time="0.012" /><testcase classname="blockchains.tests.signals_tests.TestSignals" name="test_network_cache_update_on_save" time="0.007" /><testcase classname="blockchains.tests.tasks_tests.TestInitializeAppTask" name="test_initialize_app_creates_protocol_and_network" time="0.020" /><testcase classname="blockchains.tests.tasks_tests.TestInitializeAppTask" name="test_initialize_app_updates_existing_protocol_and_network" time="0.029" /><testcase classname="blockchains.tests.tasks_tests.TestInitializeAppTask" name="test_initialize_app_handles_empty_data" time="0.033" /><testcase classname="blockchains.tests.tasks_tests.TestResetAppTask" name="test_reset_app_deletes_all_data" time="0.033" /><testcase classname="blockchains.tests.tasks_tests.TestResetAppTask" name="test_reset_app_handles_empty_database" time="0.012" /><testcase classname="blockchains.tests.tasks_tests.TestResetAppTask" name="test_reset_and_initialize_app" time="0.040" /><testcase classname="blockchains.tests.tasks_tests.TestUpdateBlockNumberTask" name="test_update_block_number_task" time="0.111" /><testcase classname="blockchains.tests.tasks_tests.TestEventGrouping" name="test_group_events_by_network" time="0.009" /><testcase classname="blockchains.tests.tasks_tests.TestEventGrouping" name="test_group_events_by_protocol" time="0.008" /><testcase classname="blockchains.tests.tasks_tests.TestStreamingSynchronizeForEventTask" name="test_get_queryset_filters_correctly" time="0.011" /></testsuite></testsuites>